<?xml version="1.0" encoding="UTF-8"?>
<!-- Generated by org.testng.reporters.JUnitReportReporter -->
<testsuite hostname="THs-MacBook-Pro.local" failures="0" tests="5" name="test.CategoryTestCases" time="4.979" errors="0" timestamp="2023-11-27T17:12:05 IST" skipped="0">
  <testcase classname="test.CategoryTestCases" name="testCreateCategory" time="1.062"/>
  <testcase classname="test.CategoryTestCases" name="testPatchCategory" time="0.772"/>
  <testcase classname="test.CategoryTestCases" name="testGetCategory" time="0.890"/>
  <testcase classname="test.CategoryTestCases" name="testListCategories" time="1.218"/>
  <testcase classname="test.CategoryTestCases" name="testDeletecategory" time="1.037"/>
</testsuite> <!-- test.CategoryTestCases -->
