<?xml version="1.0" encoding="UTF-8"?>
<!-- Generated by org.testng.reporters.JUnitReportReporter -->
<testsuite hostname="THs-MacBook-Pro.local" failures="0" tests="4" name="test.ParticipantTestCases" time="6.949" errors="0" timestamp="2023-11-27T17:12:05 IST" skipped="0">
  <testcase classname="test.ParticipantTestCases" name="testCreateParticipant" time="0.996"/>
  <testcase classname="test.ParticipantTestCases" name="testGetParticipant" time="0.930"/>
  <testcase classname="test.ParticipantTestCases" name="testListParticipants" time="4.077"/>
  <testcase classname="test.ParticipantTestCases" name="testDeleteParticipant" time="0.946"/>
</testsuite> <!-- test.ParticipantTestCases -->
