<?xml version="1.0" encoding="UTF-8"?>
<!-- Generated by org.testng.reporters.JUnitReportReporter -->
<testsuite hostname="THs-MacBook-Pro.local" failures="0" tests="1" name="test.TokenGenerator" time="4.565" errors="0" timestamp="2023-11-27T17:12:05 IST" skipped="0">
  <testcase classname="test.TokenGenerator" name="getToken" time="4.565"/>
</testsuite> <!-- test.TokenGenerator -->
