<?xml version="1.0" encoding="UTF-8"?>
<!-- Generated by org.testng.reporters.JUnitReportReporter -->
<testsuite hostname="THs-MacBook-Pro.local" failures="0" tests="5" name="test.CentreTestCases" time="5.713" errors="0" timestamp="2023-11-27T17:12:05 IST" skipped="0">
  <testcase classname="test.CentreTestCases" name="abc" time="0.001"/>
  <testcase classname="test.CentreTestCases" name="testPostCentre" time="2.137"/>
  <testcase classname="test.CentreTestCases" name="testPatchCentre" time="1.060"/>
  <testcase classname="test.CentreTestCases" name="testGetCentre" time="1.115"/>
  <testcase classname="test.CentreTestCases" name="testListCentres" time="1.400"/>
</testsuite> <!-- test.CentreTestCases -->
