<?xml version="1.0" encoding="UTF-8"?>
<!-- Generated by org.testng.reporters.JUnitReportReporter -->
<testsuite hostname="THs-MacBook-Pro.local" failures="0" tests="4" name="test.RetailerTestCases" time="4.269" errors="0" timestamp="2023-11-27T17:12:05 IST" skipped="0">
  <testcase classname="test.RetailerTestCases" name="testCreateRetailer" time="1.295"/>
  <testcase classname="test.RetailerTestCases" name="testUpdateRetailer" time="1.231"/>
  <testcase classname="test.RetailerTestCases" name="testGetRetailer" time="0.871"/>
  <testcase classname="test.RetailerTestCases" name="testListRetailers" time="0.872"/>
</testsuite> <!-- test.RetailerTestCases -->
