<?xml version="1.0" encoding="UTF-8"?>
<!-- Generated by org.testng.reporters.JUnitReportReporter -->
<testsuite hostname="THs-MacBook-Pro.local" failures="0" tests="5" name="test.CentreDirectoryServiceTypeTestCases" time="5.016" errors="0" timestamp="2023-11-27T17:12:05 IST" skipped="0">
  <testcase classname="test.CentreDirectoryServiceTypeTestCases" name="testCreateServiceType" time="1.147"/>
  <testcase classname="test.CentreDirectoryServiceTypeTestCases" name="testUpdateServiceType" time="1.092"/>
  <testcase classname="test.CentreDirectoryServiceTypeTestCases" name="testGetServiceType" time="0.999"/>
  <testcase classname="test.CentreDirectoryServiceTypeTestCases" name="testListServicesTypes" time="1.062"/>
  <testcase classname="test.CentreDirectoryServiceTypeTestCases" name="testDeleteServiceType" time="0.716"/>
</testsuite> <!-- test.CentreDirectoryServiceTypeTestCases -->
