<?xml version="1.0" encoding="UTF-8"?>
<!-- Generated by org.testng.reporters.JUnitReportReporter -->
<testsuite hostname="THs-MacBook-Pro.local" failures="0" tests="5" name="test.DealTestCases" time="5.237" errors="0" timestamp="2023-11-27T17:12:05 IST" skipped="0">
  <testcase classname="test.DealTestCases" name="testCreateDeal" time="1.050"/>
  <testcase classname="test.DealTestCases" name="testUpdateDeal" time="1.084"/>
  <testcase classname="test.DealTestCases" name="testGetDeal" time="0.914"/>
  <testcase classname="test.DealTestCases" name="testListDeals" time="1.172"/>
  <testcase classname="test.DealTestCases" name="testDeleteDeal" time="1.017"/>
</testsuite> <!-- test.DealTestCases -->
