<?xml version="1.0" encoding="UTF-8"?>
<!-- Generated by org.testng.reporters.JUnitReportReporter -->
<testsuite hostname="THs-MacBook-Pro.local" failures="0" tests="5" name="test.EventTestCases" time="5.660" errors="0" timestamp="2023-11-27T17:12:05 IST" skipped="0">
  <testcase classname="test.EventTestCases" name="testCreateEvent" time="1.254"/>
  <testcase classname="test.EventTestCases" name="testUpdateEvent" time="1.215"/>
  <testcase classname="test.EventTestCases" name="testGetEvent" time="1.008"/>
  <testcase classname="test.EventTestCases" name="testListEvents" time="1.317"/>
  <testcase classname="test.EventTestCases" name="testDeleteEvent" time="0.866"/>
</testsuite> <!-- test.EventTestCases -->
