<?xml version="1.0" encoding="UTF-8"?>
<!-- Generated by org.testng.reporters.JUnitReportReporter -->
<testsuite hostname="THs-MacBook-Pro.local" failures="0" tests="11" name="test.ProdListAPIs" time="14.325" errors="0" timestamp="2023-11-27T17:54:19 IST" skipped="0">
  <testcase classname="test.ProdListAPIs" name="testListDeals" time="1.128"/>
  <testcase classname="test.ProdListAPIs" name="testListParticipants" time="0.847"/>
  <testcase classname="test.ProdListAPIs" name="testListEvents" time="1.564"/>
  <testcase classname="test.ProdListAPIs" name="testListCentres" time="1.835"/>
  <testcase classname="test.ProdListAPIs" name="testListStores" time="1.421"/>
  <testcase classname="test.ProdListAPIs" name="testListSchedules" time="0.821"/>
  <testcase classname="test.ProdListAPIs" name="testListCategories" time="2.813"/>
  <testcase classname="test.ProdListAPIs" name="testListNotices" time="0.989"/>
  <testcase classname="test.ProdListAPIs" name="testListRetailers" time="0.751"/>
  <testcase classname="test.ProdListAPIs" name="testListServicesTypes" time="0.938"/>
  <testcase classname="test.ProdListAPIs" name="testListServices" time="1.218"/>
</testsuite> <!-- test.ProdListAPIs -->
