<?xml version="1.0" encoding="UTF-8"?>
<!-- Generated by org.testng.reporters.JUnitReportReporter -->
<testsuite hostname="THs-MacBook-Pro.local" failures="0" tests="5" name="test.NoticeTestCases" time="5.572" errors="0" timestamp="2023-11-27T17:12:05 IST" skipped="0">
  <testcase classname="test.NoticeTestCases" name="testCreateNotice" time="0.998"/>
  <testcase classname="test.NoticeTestCases" name="testUpdateNotice" time="1.555"/>
  <testcase classname="test.NoticeTestCases" name="testGetNotice" time="0.915"/>
  <testcase classname="test.NoticeTestCases" name="testListNotices" time="0.933"/>
  <testcase classname="test.NoticeTestCases" name="testDeleteNotice" time="1.171"/>
</testsuite> <!-- test.NoticeTestCases -->
