<?xml version="1.0" encoding="UTF-8"?>
<!-- Generated by org.testng.reporters.JUnitReportReporter -->
<testsuite hostname="THs-MacBook-Pro.local" failures="0" tests="5" name="test.ScheduleTestCases" time="8.778" errors="0" timestamp="2023-11-27T17:12:05 IST" skipped="0">
  <testcase classname="test.ScheduleTestCases" name="testCreateSchedule" time="0.932"/>
  <testcase classname="test.ScheduleTestCases" name="testUpdateSchedule" time="1.084"/>
  <testcase classname="test.ScheduleTestCases" name="testGetSchedule" time="1.087"/>
  <testcase classname="test.ScheduleTestCases" name="testListSchedules" time="4.107"/>
  <testcase classname="test.ScheduleTestCases" name="testDeleteSchedule" time="1.568"/>
</testsuite> <!-- test.ScheduleTestCases -->
