<?xml version="1.0" encoding="UTF-8"?>
<!-- Generated by org.testng.reporters.JUnitReportReporter -->
<testsuite hostname="THs-MacBook-Pro.local" failures="0" tests="4" name="test.StoreTestCases" time="4.387" errors="0" timestamp="2023-11-27T17:12:05 IST" skipped="0">
  <testcase classname="test.StoreTestCases" name="testCreateStore" time="0.861"/>
  <testcase classname="test.StoreTestCases" name="testUpdateStore" time="1.040"/>
  <testcase classname="test.StoreTestCases" name="testGetStore" time="0.951"/>
  <testcase classname="test.StoreTestCases" name="testListStores" time="1.535"/>
</testsuite> <!-- test.StoreTestCases -->
